[2023-06-05 15:14:09] local.ERROR: Class "App\Providers\StorageServiceProvider" not found {"exception":"[object] (Error(code: 0): Class \"App\\Providers\\StorageServiceProvider\" not found at /Users/riddhi.rathod/workspaces/image-carousel/vendor/laravel/lumen-framework/src/Application.php:250)
[stacktrace]
#0 /Users/riddhi.rathod/workspaces/image-carousel/bootstrap/app.php(51): Laravel\\Lumen\\Application->register('App\\\\Providers\\\\S...')
#1 /Users/riddhi.rathod/workspaces/image-carousel/public/index.php(14): require('/Users/riddhi.r...')
#2 {main}
"} 
[2023-06-05 15:17:31] local.ERROR: There are no commands defined in the "config" namespace. {"exception":"[object] (Symfony\\Component\\Console\\Exception\\NamespaceNotFoundException(code: 0): There are no commands defined in the \"config\" namespace. at /Users/riddhi.rathod/workspaces/image-carousel/vendor/symfony/console/Application.php:657)
[stacktrace]
#0 /Users/riddhi.rathod/workspaces/image-carousel/vendor/symfony/console/Application.php(708): Symfony\\Component\\Console\\Application->findNamespace('config')
#1 /Users/riddhi.rathod/workspaces/image-carousel/vendor/symfony/console/Application.php(262): Symfony\\Component\\Console\\Application->find('config:cache')
#2 /Users/riddhi.rathod/workspaces/image-carousel/vendor/symfony/console/Application.php(174): Symfony\\Component\\Console\\Application->doRun(Object(Symfony\\Component\\Console\\Input\\ArgvInput), Object(Symfony\\Component\\Console\\Output\\ConsoleOutput))
#3 /Users/riddhi.rathod/workspaces/image-carousel/vendor/laravel/lumen-framework/src/Console/Kernel.php(116): Symfony\\Component\\Console\\Application->run(Object(Symfony\\Component\\Console\\Input\\ArgvInput), Object(Symfony\\Component\\Console\\Output\\ConsoleOutput))
#4 /Users/riddhi.rathod/workspaces/image-carousel/artisan(35): Laravel\\Lumen\\Console\\Kernel->handle(Object(Symfony\\Component\\Console\\Input\\ArgvInput), Object(Symfony\\Component\\Console\\Output\\ConsoleOutput))
#5 {main}
"} 
[2023-06-05 15:17:38] local.ERROR: There are no commands defined in the "config" namespace. {"exception":"[object] (Symfony\\Component\\Console\\Exception\\NamespaceNotFoundException(code: 0): There are no commands defined in the \"config\" namespace. at /Users/riddhi.rathod/workspaces/image-carousel/vendor/symfony/console/Application.php:657)
[stacktrace]
#0 /Users/riddhi.rathod/workspaces/image-carousel/vendor/symfony/console/Application.php(708): Symfony\\Component\\Console\\Application->findNamespace('config')
#1 /Users/riddhi.rathod/workspaces/image-carousel/vendor/symfony/console/Application.php(262): Symfony\\Component\\Console\\Application->find('config:clear')
#2 /Users/riddhi.rathod/workspaces/image-carousel/vendor/symfony/console/Application.php(174): Symfony\\Component\\Console\\Application->doRun(Object(Symfony\\Component\\Console\\Input\\ArgvInput), Object(Symfony\\Component\\Console\\Output\\ConsoleOutput))
#3 /Users/riddhi.rathod/workspaces/image-carousel/vendor/laravel/lumen-framework/src/Console/Kernel.php(116): Symfony\\Component\\Console\\Application->run(Object(Symfony\\Component\\Console\\Input\\ArgvInput), Object(Symfony\\Component\\Console\\Output\\ConsoleOutput))
#4 /Users/riddhi.rathod/workspaces/image-carousel/artisan(35): Laravel\\Lumen\\Console\\Kernel->handle(Object(Symfony\\Component\\Console\\Input\\ArgvInput), Object(Symfony\\Component\\Console\\Output\\ConsoleOutput))
#5 {main}
"} 
[2023-06-05 15:26:29] local.ERROR: fgetcsv(): Argument #1 ($stream) must be of type resource, string given {"exception":"[object] (TypeError(code: 0): fgetcsv(): Argument #1 ($stream) must be of type resource, string given at /Users/riddhi.rathod/workspaces/image-carousel/app/Console/Commands/convertCsvToJsonCommand.php:54)
[stacktrace]
#0 /Users/riddhi.rathod/workspaces/image-carousel/app/Console/Commands/convertCsvToJsonCommand.php(54): fgetcsv('id,name,image,d...')
#1 /Users/riddhi.rathod/workspaces/image-carousel/vendor/illuminate/container/BoundMethod.php(36): App\\Console\\Commands\\convertCsvToJsonCommand->handle()
#2 /Users/riddhi.rathod/workspaces/image-carousel/vendor/illuminate/container/Util.php(41): Illuminate\\Container\\BoundMethod::Illuminate\\Container\\{closure}()
#3 /Users/riddhi.rathod/workspaces/image-carousel/vendor/illuminate/container/BoundMethod.php(93): Illuminate\\Container\\Util::unwrapIfClosure(Object(Closure))
#4 /Users/riddhi.rathod/workspaces/image-carousel/vendor/illuminate/container/BoundMethod.php(35): Illuminate\\Container\\BoundMethod::callBoundMethod(Object(Laravel\\Lumen\\Application), Array, Object(Closure))
#5 /Users/riddhi.rathod/workspaces/image-carousel/vendor/illuminate/container/Container.php(662): Illuminate\\Container\\BoundMethod::call(Object(Laravel\\Lumen\\Application), Array, Array, NULL)
#6 /Users/riddhi.rathod/workspaces/image-carousel/vendor/illuminate/console/Command.php(208): Illuminate\\Container\\Container->call(Array)
#7 /Users/riddhi.rathod/workspaces/image-carousel/vendor/symfony/console/Command/Command.php(326): Illuminate\\Console\\Command->execute(Object(Symfony\\Component\\Console\\Input\\ArgvInput), Object(Illuminate\\Console\\OutputStyle))
#8 /Users/riddhi.rathod/workspaces/image-carousel/vendor/illuminate/console/Command.php(177): Symfony\\Component\\Console\\Command\\Command->run(Object(Symfony\\Component\\Console\\Input\\ArgvInput), Object(Illuminate\\Console\\OutputStyle))
#9 /Users/riddhi.rathod/workspaces/image-carousel/vendor/symfony/console/Application.php(1063): Illuminate\\Console\\Command->run(Object(Symfony\\Component\\Console\\Input\\ArgvInput), Object(Symfony\\Component\\Console\\Output\\ConsoleOutput))
#10 /Users/riddhi.rathod/workspaces/image-carousel/vendor/symfony/console/Application.php(320): Symfony\\Component\\Console\\Application->doRunCommand(Object(App\\Console\\Commands\\convertCsvToJsonCommand), Object(Symfony\\Component\\Console\\Input\\ArgvInput), Object(Symfony\\Component\\Console\\Output\\ConsoleOutput))
#11 /Users/riddhi.rathod/workspaces/image-carousel/vendor/symfony/console/Application.php(174): Symfony\\Component\\Console\\Application->doRun(Object(Symfony\\Component\\Console\\Input\\ArgvInput), Object(Symfony\\Component\\Console\\Output\\ConsoleOutput))
#12 /Users/riddhi.rathod/workspaces/image-carousel/vendor/laravel/lumen-framework/src/Console/Kernel.php(116): Symfony\\Component\\Console\\Application->run(Object(Symfony\\Component\\Console\\Input\\ArgvInput), Object(Symfony\\Component\\Console\\Output\\ConsoleOutput))
#13 /Users/riddhi.rathod/workspaces/image-carousel/artisan(35): Laravel\\Lumen\\Console\\Kernel->handle(Object(Symfony\\Component\\Console\\Input\\ArgvInput), Object(Symfony\\Component\\Console\\Output\\ConsoleOutput))
#14 {main}
"} 
[2023-06-05 16:16:14] local.ERROR: fgetcsv(): Argument #1 ($stream) must be of type resource, string given {"exception":"[object] (TypeError(code: 0): fgetcsv(): Argument #1 ($stream) must be of type resource, string given at /Users/riddhi.rathod/workspaces/image-carousel/app/Console/Commands/convertCsvToJsonCommand.php:54)
[stacktrace]
#0 /Users/riddhi.rathod/workspaces/image-carousel/app/Console/Commands/convertCsvToJsonCommand.php(54): fgetcsv('id,name,image,d...')
#1 /Users/riddhi.rathod/workspaces/image-carousel/vendor/illuminate/container/BoundMethod.php(36): App\\Console\\Commands\\convertCsvToJsonCommand->handle()
#2 /Users/riddhi.rathod/workspaces/image-carousel/vendor/illuminate/container/Util.php(41): Illuminate\\Container\\BoundMethod::Illuminate\\Container\\{closure}()
#3 /Users/riddhi.rathod/workspaces/image-carousel/vendor/illuminate/container/BoundMethod.php(93): Illuminate\\Container\\Util::unwrapIfClosure(Object(Closure))
#4 /Users/riddhi.rathod/workspaces/image-carousel/vendor/illuminate/container/BoundMethod.php(35): Illuminate\\Container\\BoundMethod::callBoundMethod(Object(Laravel\\Lumen\\Application), Array, Object(Closure))
#5 /Users/riddhi.rathod/workspaces/image-carousel/vendor/illuminate/container/Container.php(662): Illuminate\\Container\\BoundMethod::call(Object(Laravel\\Lumen\\Application), Array, Array, NULL)
#6 /Users/riddhi.rathod/workspaces/image-carousel/vendor/illuminate/console/Command.php(208): Illuminate\\Container\\Container->call(Array)
#7 /Users/riddhi.rathod/workspaces/image-carousel/vendor/symfony/console/Command/Command.php(326): Illuminate\\Console\\Command->execute(Object(Symfony\\Component\\Console\\Input\\ArgvInput), Object(Illuminate\\Console\\OutputStyle))
#8 /Users/riddhi.rathod/workspaces/image-carousel/vendor/illuminate/console/Command.php(177): Symfony\\Component\\Console\\Command\\Command->run(Object(Symfony\\Component\\Console\\Input\\ArgvInput), Object(Illuminate\\Console\\OutputStyle))
#9 /Users/riddhi.rathod/workspaces/image-carousel/vendor/symfony/console/Application.php(1063): Illuminate\\Console\\Command->run(Object(Symfony\\Component\\Console\\Input\\ArgvInput), Object(Symfony\\Component\\Console\\Output\\ConsoleOutput))
#10 /Users/riddhi.rathod/workspaces/image-carousel/vendor/symfony/console/Application.php(320): Symfony\\Component\\Console\\Application->doRunCommand(Object(App\\Console\\Commands\\convertCsvToJsonCommand), Object(Symfony\\Component\\Console\\Input\\ArgvInput), Object(Symfony\\Component\\Console\\Output\\ConsoleOutput))
#11 /Users/riddhi.rathod/workspaces/image-carousel/vendor/symfony/console/Application.php(174): Symfony\\Component\\Console\\Application->doRun(Object(Symfony\\Component\\Console\\Input\\ArgvInput), Object(Symfony\\Component\\Console\\Output\\ConsoleOutput))
#12 /Users/riddhi.rathod/workspaces/image-carousel/vendor/laravel/lumen-framework/src/Console/Kernel.php(116): Symfony\\Component\\Console\\Application->run(Object(Symfony\\Component\\Console\\Input\\ArgvInput), Object(Symfony\\Component\\Console\\Output\\ConsoleOutput))
#13 /Users/riddhi.rathod/workspaces/image-carousel/artisan(35): Laravel\\Lumen\\Console\\Kernel->handle(Object(Symfony\\Component\\Console\\Input\\ArgvInput), Object(Symfony\\Component\\Console\\Output\\ConsoleOutput))
#14 {main}
"} 
[2023-06-05 16:17:41] local.ERROR: fgetcsv(): Argument #1 ($stream) must be of type resource, array given {"exception":"[object] (TypeError(code: 0): fgetcsv(): Argument #1 ($stream) must be of type resource, array given at /Users/riddhi.rathod/workspaces/image-carousel/app/Console/Commands/convertCsvToJsonCommand.php:54)
[stacktrace]
#0 /Users/riddhi.rathod/workspaces/image-carousel/app/Console/Commands/convertCsvToJsonCommand.php(54): fgetcsv(Array)
#1 /Users/riddhi.rathod/workspaces/image-carousel/vendor/illuminate/container/BoundMethod.php(36): App\\Console\\Commands\\convertCsvToJsonCommand->handle()
#2 /Users/riddhi.rathod/workspaces/image-carousel/vendor/illuminate/container/Util.php(41): Illuminate\\Container\\BoundMethod::Illuminate\\Container\\{closure}()
#3 /Users/riddhi.rathod/workspaces/image-carousel/vendor/illuminate/container/BoundMethod.php(93): Illuminate\\Container\\Util::unwrapIfClosure(Object(Closure))
#4 /Users/riddhi.rathod/workspaces/image-carousel/vendor/illuminate/container/BoundMethod.php(35): Illuminate\\Container\\BoundMethod::callBoundMethod(Object(Laravel\\Lumen\\Application), Array, Object(Closure))
#5 /Users/riddhi.rathod/workspaces/image-carousel/vendor/illuminate/container/Container.php(662): Illuminate\\Container\\BoundMethod::call(Object(Laravel\\Lumen\\Application), Array, Array, NULL)
#6 /Users/riddhi.rathod/workspaces/image-carousel/vendor/illuminate/console/Command.php(208): Illuminate\\Container\\Container->call(Array)
#7 /Users/riddhi.rathod/workspaces/image-carousel/vendor/symfony/console/Command/Command.php(326): Illuminate\\Console\\Command->execute(Object(Symfony\\Component\\Console\\Input\\ArgvInput), Object(Illuminate\\Console\\OutputStyle))
#8 /Users/riddhi.rathod/workspaces/image-carousel/vendor/illuminate/console/Command.php(177): Symfony\\Component\\Console\\Command\\Command->run(Object(Symfony\\Component\\Console\\Input\\ArgvInput), Object(Illuminate\\Console\\OutputStyle))
#9 /Users/riddhi.rathod/workspaces/image-carousel/vendor/symfony/console/Application.php(1063): Illuminate\\Console\\Command->run(Object(Symfony\\Component\\Console\\Input\\ArgvInput), Object(Symfony\\Component\\Console\\Output\\ConsoleOutput))
#10 /Users/riddhi.rathod/workspaces/image-carousel/vendor/symfony/console/Application.php(320): Symfony\\Component\\Console\\Application->doRunCommand(Object(App\\Console\\Commands\\convertCsvToJsonCommand), Object(Symfony\\Component\\Console\\Input\\ArgvInput), Object(Symfony\\Component\\Console\\Output\\ConsoleOutput))
#11 /Users/riddhi.rathod/workspaces/image-carousel/vendor/symfony/console/Application.php(174): Symfony\\Component\\Console\\Application->doRun(Object(Symfony\\Component\\Console\\Input\\ArgvInput), Object(Symfony\\Component\\Console\\Output\\ConsoleOutput))
#12 /Users/riddhi.rathod/workspaces/image-carousel/vendor/laravel/lumen-framework/src/Console/Kernel.php(116): Symfony\\Component\\Console\\Application->run(Object(Symfony\\Component\\Console\\Input\\ArgvInput), Object(Symfony\\Component\\Console\\Output\\ConsoleOutput))
#13 /Users/riddhi.rathod/workspaces/image-carousel/artisan(35): Laravel\\Lumen\\Console\\Kernel->handle(Object(Symfony\\Component\\Console\\Input\\ArgvInput), Object(Symfony\\Component\\Console\\Output\\ConsoleOutput))
#14 {main}
"} 
[2023-06-05 16:23:08] local.ERROR: fgetcsv(): Argument #1 ($stream) must be of type resource, string given {"exception":"[object] (TypeError(code: 0): fgetcsv(): Argument #1 ($stream) must be of type resource, string given at /Users/riddhi.rathod/workspaces/image-carousel/app/Console/Commands/convertCsvToJsonCommand.php:63)
[stacktrace]
#0 /Users/riddhi.rathod/workspaces/image-carousel/app/Console/Commands/convertCsvToJsonCommand.php(63): fgetcsv('/Users/riddhi.r...')
#1 /Users/riddhi.rathod/workspaces/image-carousel/vendor/illuminate/container/BoundMethod.php(36): App\\Console\\Commands\\convertCsvToJsonCommand->handle()
#2 /Users/riddhi.rathod/workspaces/image-carousel/vendor/illuminate/container/Util.php(41): Illuminate\\Container\\BoundMethod::Illuminate\\Container\\{closure}()
#3 /Users/riddhi.rathod/workspaces/image-carousel/vendor/illuminate/container/BoundMethod.php(93): Illuminate\\Container\\Util::unwrapIfClosure(Object(Closure))
#4 /Users/riddhi.rathod/workspaces/image-carousel/vendor/illuminate/container/BoundMethod.php(35): Illuminate\\Container\\BoundMethod::callBoundMethod(Object(Laravel\\Lumen\\Application), Array, Object(Closure))
#5 /Users/riddhi.rathod/workspaces/image-carousel/vendor/illuminate/container/Container.php(662): Illuminate\\Container\\BoundMethod::call(Object(Laravel\\Lumen\\Application), Array, Array, NULL)
#6 /Users/riddhi.rathod/workspaces/image-carousel/vendor/illuminate/console/Command.php(208): Illuminate\\Container\\Container->call(Array)
#7 /Users/riddhi.rathod/workspaces/image-carousel/vendor/symfony/console/Command/Command.php(326): Illuminate\\Console\\Command->execute(Object(Symfony\\Component\\Console\\Input\\ArgvInput), Object(Illuminate\\Console\\OutputStyle))
#8 /Users/riddhi.rathod/workspaces/image-carousel/vendor/illuminate/console/Command.php(177): Symfony\\Component\\Console\\Command\\Command->run(Object(Symfony\\Component\\Console\\Input\\ArgvInput), Object(Illuminate\\Console\\OutputStyle))
#9 /Users/riddhi.rathod/workspaces/image-carousel/vendor/symfony/console/Application.php(1063): Illuminate\\Console\\Command->run(Object(Symfony\\Component\\Console\\Input\\ArgvInput), Object(Symfony\\Component\\Console\\Output\\ConsoleOutput))
#10 /Users/riddhi.rathod/workspaces/image-carousel/vendor/symfony/console/Application.php(320): Symfony\\Component\\Console\\Application->doRunCommand(Object(App\\Console\\Commands\\convertCsvToJsonCommand), Object(Symfony\\Component\\Console\\Input\\ArgvInput), Object(Symfony\\Component\\Console\\Output\\ConsoleOutput))
#11 /Users/riddhi.rathod/workspaces/image-carousel/vendor/symfony/console/Application.php(174): Symfony\\Component\\Console\\Application->doRun(Object(Symfony\\Component\\Console\\Input\\ArgvInput), Object(Symfony\\Component\\Console\\Output\\ConsoleOutput))
#12 /Users/riddhi.rathod/workspaces/image-carousel/vendor/laravel/lumen-framework/src/Console/Kernel.php(116): Symfony\\Component\\Console\\Application->run(Object(Symfony\\Component\\Console\\Input\\ArgvInput), Object(Symfony\\Component\\Console\\Output\\ConsoleOutput))
#13 /Users/riddhi.rathod/workspaces/image-carousel/artisan(35): Laravel\\Lumen\\Console\\Kernel->handle(Object(Symfony\\Component\\Console\\Input\\ArgvInput), Object(Symfony\\Component\\Console\\Output\\ConsoleOutput))
#14 {main}
"} 
[2023-06-05 16:46:01] local.ERROR: Illegal offset type {"exception":"[object] (TypeError(code: 0): Illegal offset type at /Users/riddhi.rathod/workspaces/image-carousel/app/Http/Controllers/ImageCarouselController.php:46)
[stacktrace]
#0 /Users/riddhi.rathod/workspaces/image-carousel/vendor/illuminate/container/BoundMethod.php(36): App\\Http\\Controllers\\ImageCarouselController->getImages(Object(Laravel\\Lumen\\Http\\Request))
#1 /Users/riddhi.rathod/workspaces/image-carousel/vendor/illuminate/container/Util.php(41): Illuminate\\Container\\BoundMethod::Illuminate\\Container\\{closure}()
#2 /Users/riddhi.rathod/workspaces/image-carousel/vendor/illuminate/container/BoundMethod.php(93): Illuminate\\Container\\Util::unwrapIfClosure(Object(Closure))
#3 /Users/riddhi.rathod/workspaces/image-carousel/vendor/illuminate/container/BoundMethod.php(35): Illuminate\\Container\\BoundMethod::callBoundMethod(Object(Laravel\\Lumen\\Application), Array, Object(Closure))
#4 /Users/riddhi.rathod/workspaces/image-carousel/vendor/illuminate/container/Container.php(662): Illuminate\\Container\\BoundMethod::call(Object(Laravel\\Lumen\\Application), Array, Array, NULL)
#5 /Users/riddhi.rathod/workspaces/image-carousel/vendor/laravel/lumen-framework/src/Concerns/RoutesRequests.php(391): Illuminate\\Container\\Container->call(Array, Array)
#6 /Users/riddhi.rathod/workspaces/image-carousel/vendor/laravel/lumen-framework/src/Concerns/RoutesRequests.php(356): Laravel\\Lumen\\Application->callControllerCallable(Array, Array)
#7 /Users/riddhi.rathod/workspaces/image-carousel/vendor/laravel/lumen-framework/src/Concerns/RoutesRequests.php(331): Laravel\\Lumen\\Application->callLumenController(Object(App\\Http\\Controllers\\ImageCarouselController), 'getImages', Array)
#8 /Users/riddhi.rathod/workspaces/image-carousel/vendor/laravel/lumen-framework/src/Concerns/RoutesRequests.php(284): Laravel\\Lumen\\Application->callControllerAction(Array)
#9 /Users/riddhi.rathod/workspaces/image-carousel/vendor/laravel/lumen-framework/src/Concerns/RoutesRequests.php(269): Laravel\\Lumen\\Application->callActionOnArrayBasedRoute(Array)
#10 /Users/riddhi.rathod/workspaces/image-carousel/vendor/laravel/lumen-framework/src/Concerns/RoutesRequests.php(171): Laravel\\Lumen\\Application->handleFoundRoute(Array)
#11 /Users/riddhi.rathod/workspaces/image-carousel/vendor/laravel/lumen-framework/src/Concerns/RoutesRequests.php(431): Laravel\\Lumen\\Application->Laravel\\Lumen\\Concerns\\{closure}(Object(Laravel\\Lumen\\Http\\Request))
#12 /Users/riddhi.rathod/workspaces/image-carousel/vendor/laravel/lumen-framework/src/Concerns/RoutesRequests.php(167): Laravel\\Lumen\\Application->sendThroughPipeline(Array, Object(Closure))
#13 /Users/riddhi.rathod/workspaces/image-carousel/vendor/laravel/lumen-framework/src/Concerns/RoutesRequests.php(112): Laravel\\Lumen\\Application->dispatch(NULL)
#14 /Users/riddhi.rathod/workspaces/image-carousel/public/index.php(28): Laravel\\Lumen\\Application->run()
#15 {main}
"} 
[2023-06-05 16:59:30] local.ERROR: Cannot access protected property Symfony\Component\HttpFoundation\ParameterBag::$parameters {"exception":"[object] (Error(code: 0): Cannot access protected property Symfony\\Component\\HttpFoundation\\ParameterBag::$parameters at /Users/riddhi.rathod/workspaces/image-carousel/app/Http/Controllers/ImageCarouselController.php:46)
[stacktrace]
#0 /Users/riddhi.rathod/workspaces/image-carousel/vendor/illuminate/container/BoundMethod.php(36): App\\Http\\Controllers\\ImageCarouselController->getImages(Object(Laravel\\Lumen\\Http\\Request))
#1 /Users/riddhi.rathod/workspaces/image-carousel/vendor/illuminate/container/Util.php(41): Illuminate\\Container\\BoundMethod::Illuminate\\Container\\{closure}()
#2 /Users/riddhi.rathod/workspaces/image-carousel/vendor/illuminate/container/BoundMethod.php(93): Illuminate\\Container\\Util::unwrapIfClosure(Object(Closure))
#3 /Users/riddhi.rathod/workspaces/image-carousel/vendor/illuminate/container/BoundMethod.php(35): Illuminate\\Container\\BoundMethod::callBoundMethod(Object(Laravel\\Lumen\\Application), Array, Object(Closure))
#4 /Users/riddhi.rathod/workspaces/image-carousel/vendor/illuminate/container/Container.php(662): Illuminate\\Container\\BoundMethod::call(Object(Laravel\\Lumen\\Application), Array, Array, NULL)
#5 /Users/riddhi.rathod/workspaces/image-carousel/vendor/laravel/lumen-framework/src/Concerns/RoutesRequests.php(391): Illuminate\\Container\\Container->call(Array, Array)
#6 /Users/riddhi.rathod/workspaces/image-carousel/vendor/laravel/lumen-framework/src/Concerns/RoutesRequests.php(356): Laravel\\Lumen\\Application->callControllerCallable(Array, Array)
#7 /Users/riddhi.rathod/workspaces/image-carousel/vendor/laravel/lumen-framework/src/Concerns/RoutesRequests.php(331): Laravel\\Lumen\\Application->callLumenController(Object(App\\Http\\Controllers\\ImageCarouselController), 'getImages', Array)
#8 /Users/riddhi.rathod/workspaces/image-carousel/vendor/laravel/lumen-framework/src/Concerns/RoutesRequests.php(284): Laravel\\Lumen\\Application->callControllerAction(Array)
#9 /Users/riddhi.rathod/workspaces/image-carousel/vendor/laravel/lumen-framework/src/Concerns/RoutesRequests.php(269): Laravel\\Lumen\\Application->callActionOnArrayBasedRoute(Array)
#10 /Users/riddhi.rathod/workspaces/image-carousel/vendor/laravel/lumen-framework/src/Concerns/RoutesRequests.php(171): Laravel\\Lumen\\Application->handleFoundRoute(Array)
#11 /Users/riddhi.rathod/workspaces/image-carousel/vendor/laravel/lumen-framework/src/Concerns/RoutesRequests.php(431): Laravel\\Lumen\\Application->Laravel\\Lumen\\Concerns\\{closure}(Object(Laravel\\Lumen\\Http\\Request))
#12 /Users/riddhi.rathod/workspaces/image-carousel/vendor/laravel/lumen-framework/src/Concerns/RoutesRequests.php(167): Laravel\\Lumen\\Application->sendThroughPipeline(Array, Object(Closure))
#13 /Users/riddhi.rathod/workspaces/image-carousel/vendor/laravel/lumen-framework/src/Concerns/RoutesRequests.php(112): Laravel\\Lumen\\Application->dispatch(NULL)
#14 /Users/riddhi.rathod/workspaces/image-carousel/public/index.php(28): Laravel\\Lumen\\Application->run()
#15 {main}
"} 
[2023-06-05 17:13:00] local.ERROR: array_push(): Argument #1 ($array) must be of type array, int given {"exception":"[object] (TypeError(code: 0): array_push(): Argument #1 ($array) must be of type array, int given at /Users/riddhi.rathod/workspaces/image-carousel/app/Http/Controllers/ImageCarouselController.php:45)
[stacktrace]
#0 /Users/riddhi.rathod/workspaces/image-carousel/app/Http/Controllers/ImageCarouselController.php(45): array_push(1, Array)
#1 /Users/riddhi.rathod/workspaces/image-carousel/vendor/illuminate/container/BoundMethod.php(36): App\\Http\\Controllers\\ImageCarouselController->getImages(Object(Laravel\\Lumen\\Http\\Request))
#2 /Users/riddhi.rathod/workspaces/image-carousel/vendor/illuminate/container/Util.php(41): Illuminate\\Container\\BoundMethod::Illuminate\\Container\\{closure}()
#3 /Users/riddhi.rathod/workspaces/image-carousel/vendor/illuminate/container/BoundMethod.php(93): Illuminate\\Container\\Util::unwrapIfClosure(Object(Closure))
#4 /Users/riddhi.rathod/workspaces/image-carousel/vendor/illuminate/container/BoundMethod.php(35): Illuminate\\Container\\BoundMethod::callBoundMethod(Object(Laravel\\Lumen\\Application), Array, Object(Closure))
#5 /Users/riddhi.rathod/workspaces/image-carousel/vendor/illuminate/container/Container.php(662): Illuminate\\Container\\BoundMethod::call(Object(Laravel\\Lumen\\Application), Array, Array, NULL)
#6 /Users/riddhi.rathod/workspaces/image-carousel/vendor/laravel/lumen-framework/src/Concerns/RoutesRequests.php(391): Illuminate\\Container\\Container->call(Array, Array)
#7 /Users/riddhi.rathod/workspaces/image-carousel/vendor/laravel/lumen-framework/src/Concerns/RoutesRequests.php(356): Laravel\\Lumen\\Application->callControllerCallable(Array, Array)
#8 /Users/riddhi.rathod/workspaces/image-carousel/vendor/laravel/lumen-framework/src/Concerns/RoutesRequests.php(331): Laravel\\Lumen\\Application->callLumenController(Object(App\\Http\\Controllers\\ImageCarouselController), 'getImages', Array)
#9 /Users/riddhi.rathod/workspaces/image-carousel/vendor/laravel/lumen-framework/src/Concerns/RoutesRequests.php(284): Laravel\\Lumen\\Application->callControllerAction(Array)
#10 /Users/riddhi.rathod/workspaces/image-carousel/vendor/laravel/lumen-framework/src/Concerns/RoutesRequests.php(269): Laravel\\Lumen\\Application->callActionOnArrayBasedRoute(Array)
#11 /Users/riddhi.rathod/workspaces/image-carousel/vendor/laravel/lumen-framework/src/Concerns/RoutesRequests.php(171): Laravel\\Lumen\\Application->handleFoundRoute(Array)
#12 /Users/riddhi.rathod/workspaces/image-carousel/vendor/laravel/lumen-framework/src/Concerns/RoutesRequests.php(431): Laravel\\Lumen\\Application->Laravel\\Lumen\\Concerns\\{closure}(Object(Laravel\\Lumen\\Http\\Request))
#13 /Users/riddhi.rathod/workspaces/image-carousel/vendor/laravel/lumen-framework/src/Concerns/RoutesRequests.php(167): Laravel\\Lumen\\Application->sendThroughPipeline(Array, Object(Closure))
#14 /Users/riddhi.rathod/workspaces/image-carousel/vendor/laravel/lumen-framework/src/Concerns/RoutesRequests.php(112): Laravel\\Lumen\\Application->dispatch(NULL)
#15 /Users/riddhi.rathod/workspaces/image-carousel/public/index.php(28): Laravel\\Lumen\\Application->run()
#16 {main}
"} 
[2023-06-05 17:19:18] local.ERROR: Call to undefined function App\Http\Controllers\Number() {"exception":"[object] (Error(code: 0): Call to undefined function App\\Http\\Controllers\\Number() at /Users/riddhi.rathod/workspaces/image-carousel/app/Http/Controllers/ImageCarouselController.php:51)
[stacktrace]
#0 /Users/riddhi.rathod/workspaces/image-carousel/vendor/illuminate/container/BoundMethod.php(36): App\\Http\\Controllers\\ImageCarouselController->getImages(Object(Laravel\\Lumen\\Http\\Request))
#1 /Users/riddhi.rathod/workspaces/image-carousel/vendor/illuminate/container/Util.php(41): Illuminate\\Container\\BoundMethod::Illuminate\\Container\\{closure}()
#2 /Users/riddhi.rathod/workspaces/image-carousel/vendor/illuminate/container/BoundMethod.php(93): Illuminate\\Container\\Util::unwrapIfClosure(Object(Closure))
#3 /Users/riddhi.rathod/workspaces/image-carousel/vendor/illuminate/container/BoundMethod.php(35): Illuminate\\Container\\BoundMethod::callBoundMethod(Object(Laravel\\Lumen\\Application), Array, Object(Closure))
#4 /Users/riddhi.rathod/workspaces/image-carousel/vendor/illuminate/container/Container.php(662): Illuminate\\Container\\BoundMethod::call(Object(Laravel\\Lumen\\Application), Array, Array, NULL)
#5 /Users/riddhi.rathod/workspaces/image-carousel/vendor/laravel/lumen-framework/src/Concerns/RoutesRequests.php(391): Illuminate\\Container\\Container->call(Array, Array)
#6 /Users/riddhi.rathod/workspaces/image-carousel/vendor/laravel/lumen-framework/src/Concerns/RoutesRequests.php(356): Laravel\\Lumen\\Application->callControllerCallable(Array, Array)
#7 /Users/riddhi.rathod/workspaces/image-carousel/vendor/laravel/lumen-framework/src/Concerns/RoutesRequests.php(331): Laravel\\Lumen\\Application->callLumenController(Object(App\\Http\\Controllers\\ImageCarouselController), 'getImages', Array)
#8 /Users/riddhi.rathod/workspaces/image-carousel/vendor/laravel/lumen-framework/src/Concerns/RoutesRequests.php(284): Laravel\\Lumen\\Application->callControllerAction(Array)
#9 /Users/riddhi.rathod/workspaces/image-carousel/vendor/laravel/lumen-framework/src/Concerns/RoutesRequests.php(269): Laravel\\Lumen\\Application->callActionOnArrayBasedRoute(Array)
#10 /Users/riddhi.rathod/workspaces/image-carousel/vendor/laravel/lumen-framework/src/Concerns/RoutesRequests.php(171): Laravel\\Lumen\\Application->handleFoundRoute(Array)
#11 /Users/riddhi.rathod/workspaces/image-carousel/vendor/laravel/lumen-framework/src/Concerns/RoutesRequests.php(431): Laravel\\Lumen\\Application->Laravel\\Lumen\\Concerns\\{closure}(Object(Laravel\\Lumen\\Http\\Request))
#12 /Users/riddhi.rathod/workspaces/image-carousel/vendor/laravel/lumen-framework/src/Concerns/RoutesRequests.php(167): Laravel\\Lumen\\Application->sendThroughPipeline(Array, Object(Closure))
#13 /Users/riddhi.rathod/workspaces/image-carousel/vendor/laravel/lumen-framework/src/Concerns/RoutesRequests.php(112): Laravel\\Lumen\\Application->dispatch(NULL)
#14 /Users/riddhi.rathod/workspaces/image-carousel/public/index.php(28): Laravel\\Lumen\\Application->run()
#15 {main}
"} 
[2023-06-05 17:36:09] local.ERROR: array_push(): Argument #1 ($array) must be of type array, null given {"exception":"[object] (TypeError(code: 0): array_push(): Argument #1 ($array) must be of type array, null given at /Users/riddhi.rathod/workspaces/image-carousel/app/Http/Controllers/ImageCarouselController.php:49)
[stacktrace]
#0 /Users/riddhi.rathod/workspaces/image-carousel/app/Http/Controllers/ImageCarouselController.php(49): array_push(NULL, Array)
#1 /Users/riddhi.rathod/workspaces/image-carousel/vendor/illuminate/container/BoundMethod.php(36): App\\Http\\Controllers\\ImageCarouselController->getImages(Object(Laravel\\Lumen\\Http\\Request))
#2 /Users/riddhi.rathod/workspaces/image-carousel/vendor/illuminate/container/Util.php(41): Illuminate\\Container\\BoundMethod::Illuminate\\Container\\{closure}()
#3 /Users/riddhi.rathod/workspaces/image-carousel/vendor/illuminate/container/BoundMethod.php(93): Illuminate\\Container\\Util::unwrapIfClosure(Object(Closure))
#4 /Users/riddhi.rathod/workspaces/image-carousel/vendor/illuminate/container/BoundMethod.php(35): Illuminate\\Container\\BoundMethod::callBoundMethod(Object(Laravel\\Lumen\\Application), Array, Object(Closure))
#5 /Users/riddhi.rathod/workspaces/image-carousel/vendor/illuminate/container/Container.php(662): Illuminate\\Container\\BoundMethod::call(Object(Laravel\\Lumen\\Application), Array, Array, NULL)
#6 /Users/riddhi.rathod/workspaces/image-carousel/vendor/laravel/lumen-framework/src/Concerns/RoutesRequests.php(391): Illuminate\\Container\\Container->call(Array, Array)
#7 /Users/riddhi.rathod/workspaces/image-carousel/vendor/laravel/lumen-framework/src/Concerns/RoutesRequests.php(356): Laravel\\Lumen\\Application->callControllerCallable(Array, Array)
#8 /Users/riddhi.rathod/workspaces/image-carousel/vendor/laravel/lumen-framework/src/Concerns/RoutesRequests.php(331): Laravel\\Lumen\\Application->callLumenController(Object(App\\Http\\Controllers\\ImageCarouselController), 'getImages', Array)
#9 /Users/riddhi.rathod/workspaces/image-carousel/vendor/laravel/lumen-framework/src/Concerns/RoutesRequests.php(284): Laravel\\Lumen\\Application->callControllerAction(Array)
#10 /Users/riddhi.rathod/workspaces/image-carousel/vendor/laravel/lumen-framework/src/Concerns/RoutesRequests.php(269): Laravel\\Lumen\\Application->callActionOnArrayBasedRoute(Array)
#11 /Users/riddhi.rathod/workspaces/image-carousel/vendor/laravel/lumen-framework/src/Concerns/RoutesRequests.php(171): Laravel\\Lumen\\Application->handleFoundRoute(Array)
#12 /Users/riddhi.rathod/workspaces/image-carousel/vendor/laravel/lumen-framework/src/Concerns/RoutesRequests.php(431): Laravel\\Lumen\\Application->Laravel\\Lumen\\Concerns\\{closure}(Object(Laravel\\Lumen\\Http\\Request))
#13 /Users/riddhi.rathod/workspaces/image-carousel/vendor/laravel/lumen-framework/src/Concerns/RoutesRequests.php(167): Laravel\\Lumen\\Application->sendThroughPipeline(Array, Object(Closure))
#14 /Users/riddhi.rathod/workspaces/image-carousel/vendor/laravel/lumen-framework/src/Concerns/RoutesRequests.php(112): Laravel\\Lumen\\Application->dispatch(NULL)
#15 /Users/riddhi.rathod/workspaces/image-carousel/public/index.php(28): Laravel\\Lumen\\Application->run()
#16 {main}
"} 
